<?xml version="1.0" encoding="UTF-8" standalone="no"?>
<testsuite errors="0" failures="0" name="io.cucumber.core.plugin.JUnitFormatter" skipped="0" tests="1" time="51.626">
    <testcase classname="To login to w3school and navigate to courses" name="To check courses and navigate to java Module" time="50.56">
        <system-out><![CDATA[Given user is on home page..................................................passed
When user clicks on login page and enters the credentials...................passed
Then user clicks on courses.................................................passed
Then user is navigated to the list..........................................passed
Then user clicks on java....................................................passed
]]></system-out>
    </testcase>
</testsuite>
